<?xml version="1.0" encoding="UTF-8"?>
<coverage generated="1710845154181" clover="3.2.0">
  <project timestamp="1710845154181" name="All files">
    <metrics statements="104" coveredstatements="97" conditionals="18" coveredconditionals="15" methods="42" coveredmethods="38" elements="164" coveredelements="150" complexity="0" loc="104" ncloc="104" packages="2" files="16" classes="16"/>
    <package name="components">
      <metrics statements="72" coveredstatements="68" conditionals="18" coveredconditionals="15" methods="31" coveredmethods="30"/>
      <file name="Body.js" path="C:\Users\Pranay\Desktop\Namaste-react\Chapter 13 - Time for Test\Coding\src\components\Body.js">
        <metrics statements="29" coveredstatements="26" conditionals="6" coveredconditionals="4" methods="9" coveredmethods="9"/>
        <line num="9" count="1" type="stmt"/>
        <line num="10" count="7" type="stmt"/>
        <line num="11" count="7" type="stmt"/>
        <line num="12" count="7" type="stmt"/>
        <line num="13" count="7" type="stmt"/>
        <line num="15" count="7" type="stmt"/>
        <line num="17" count="7" type="stmt"/>
        <line num="18" count="2" type="stmt"/>
        <line num="21" count="7" type="stmt"/>
        <line num="22" count="2" type="stmt"/>
        <line num="23" count="2" type="stmt"/>
        <line num="24" count="2" type="stmt"/>
        <line num="26" count="2" type="stmt"/>
        <line num="28" count="2" type="stmt"/>
        <line num="29" count="2" type="stmt"/>
        <line num="31" count="0" type="stmt"/>
        <line num="37" count="7" type="cond" truecount="1" falsecount="1"/>
        <line num="38" count="0" type="stmt"/>
        <line num="41" count="7" type="cond" truecount="1" falsecount="1"/>
        <line num="42" count="0" type="stmt"/>
        <line num="49" count="7" type="stmt"/>
        <line num="59" count="1" type="stmt"/>
        <line num="64" count="1" type="stmt"/>
        <line num="65" count="9" type="stmt"/>
        <line num="69" count="1" type="stmt"/>
        <line num="78" count="1" type="stmt"/>
        <line num="79" count="9" type="stmt"/>
        <line num="81" count="1" type="stmt"/>
        <line num="98" count="34" type="stmt"/>
      </file>
      <file name="Cart.js" path="C:\Users\Pranay\Desktop\Namaste-react\Chapter 13 - Time for Test\Coding\src\components\Cart.js">
        <metrics statements="6" coveredstatements="6" conditionals="2" coveredconditionals="2" methods="3" coveredmethods="3"/>
        <line num="6" count="1" type="stmt"/>
        <line num="7" count="8" type="stmt"/>
        <line num="9" count="4" type="stmt"/>
        <line num="11" count="4" type="stmt"/>
        <line num="12" count="1" type="stmt"/>
        <line num="15" count="4" type="stmt"/>
      </file>
      <file name="Contact.js" path="C:\Users\Pranay\Desktop\Namaste-react\Chapter 13 - Time for Test\Coding\src\components\Contact.js">
        <metrics statements="2" coveredstatements="2" conditionals="0" coveredconditionals="0" methods="1" coveredmethods="1"/>
        <line num="3" count="1" type="stmt"/>
        <line num="4" count="4" type="stmt"/>
      </file>
      <file name="Header.js" path="C:\Users\Pranay\Desktop\Namaste-react\Chapter 13 - Time for Test\Coding\src\components\Header.js">
        <metrics statements="7" coveredstatements="7" conditionals="4" coveredconditionals="3" methods="3" coveredmethods="3"/>
        <line num="8" count="2" type="stmt"/>
        <line num="9" count="9" type="stmt"/>
        <line num="10" count="9" type="stmt"/>
        <line num="11" count="9" type="stmt"/>
        <line num="14" count="17" type="stmt"/>
        <line num="16" count="9" type="stmt"/>
        <line num="41" count="1" type="stmt"/>
      </file>
      <file name="ItemList.js" path="C:\Users\Pranay\Desktop\Namaste-react\Chapter 13 - Time for Test\Coding\src\components\ItemList.js">
        <metrics statements="7" coveredstatements="7" conditionals="2" coveredconditionals="2" methods="4" coveredmethods="4"/>
        <line num="5" count="1" type="stmt"/>
        <line num="6" count="5" type="stmt"/>
        <line num="8" count="5" type="stmt"/>
        <line num="9" count="2" type="stmt"/>
        <line num="12" count="5" type="stmt"/>
        <line num="15" count="23" type="stmt"/>
        <line num="58" count="2" type="stmt"/>
      </file>
      <file name="RestaurantCard.js" path="C:\Users\Pranay\Desktop\Namaste-react\Chapter 13 - Time for Test\Coding\src\components\RestaurantCard.js">
        <metrics statements="5" coveredstatements="5" conditionals="0" coveredconditionals="0" methods="3" coveredmethods="3"/>
        <line num="4" count="2" type="stmt"/>
        <line num="8" count="36" type="stmt"/>
        <line num="29" count="2" type="stmt"/>
        <line num="30" count="8" type="stmt"/>
        <line num="31" count="20" type="stmt"/>
      </file>
      <file name="RestaurantCategories.js" path="C:\Users\Pranay\Desktop\Namaste-react\Chapter 13 - Time for Test\Coding\src\components\RestaurantCategories.js">
        <metrics statements="4" coveredstatements="4" conditionals="2" coveredconditionals="2" methods="2" coveredmethods="2"/>
        <line num="3" count="1" type="stmt"/>
        <line num="4" count="16" type="stmt"/>
        <line num="5" count="1" type="stmt"/>
        <line num="8" count="16" type="stmt"/>
      </file>
      <file name="RestaurantMenu.js" path="C:\Users\Pranay\Desktop\Namaste-react\Chapter 13 - Time for Test\Coding\src\components\RestaurantMenu.js">
        <metrics statements="8" coveredstatements="8" conditionals="2" coveredconditionals="2" methods="4" coveredmethods="4"/>
        <line num="6" count="1" type="stmt"/>
        <line num="7" count="3" type="stmt"/>
        <line num="9" count="3" type="stmt"/>
        <line num="11" count="3" type="stmt"/>
        <line num="13" count="3" type="stmt"/>
        <line num="25" count="32" type="stmt"/>
        <line num="29" count="16" type="stmt"/>
        <line num="33" count="1" type="stmt"/>
      </file>
      <file name="Shimmer.js" path="C:\Users\Pranay\Desktop\Namaste-react\Chapter 13 - Time for Test\Coding\src\components\Shimmer.js">
        <metrics statements="2" coveredstatements="1" conditionals="0" coveredconditionals="0" methods="1" coveredmethods="0"/>
        <line num="3" count="1" type="stmt"/>
        <line num="4" count="0" type="stmt"/>
      </file>
      <file name="sum.js" path="C:\Users\Pranay\Desktop\Namaste-react\Chapter 13 - Time for Test\Coding\src\components\sum.js">
        <metrics statements="2" coveredstatements="2" conditionals="0" coveredconditionals="0" methods="1" coveredmethods="1"/>
        <line num="1" count="1" type="stmt"/>
        <line num="2" count="1" type="stmt"/>
      </file>
    </package>
    <package name="utils">
      <metrics statements="32" coveredstatements="29" conditionals="0" coveredconditionals="0" methods="11" coveredmethods="8"/>
      <file name="UserContext.js" path="C:\Users\Pranay\Desktop\Namaste-react\Chapter 13 - Time for Test\Coding\src\utils\UserContext.js">
        <metrics statements="1" coveredstatements="1" conditionals="0" coveredconditionals="0" methods="0" coveredmethods="0"/>
        <line num="3" count="3" type="stmt"/>
      </file>
      <file name="appStore.js" path="C:\Users\Pranay\Desktop\Namaste-react\Chapter 13 - Time for Test\Coding\src\utils\appStore.js">
        <metrics statements="1" coveredstatements="1" conditionals="0" coveredconditionals="0" methods="0" coveredmethods="0"/>
        <line num="4" count="2" type="stmt"/>
      </file>
      <file name="cartSlice.js" path="C:\Users\Pranay\Desktop\Namaste-react\Chapter 13 - Time for Test\Coding\src\utils\cartSlice.js">
        <metrics statements="5" coveredstatements="4" conditionals="0" coveredconditionals="0" methods="3" coveredmethods="2"/>
        <line num="3" count="2" type="stmt"/>
        <line num="11" count="2" type="stmt"/>
        <line num="14" count="0" type="stmt"/>
        <line num="17" count="1" type="stmt"/>
        <line num="22" count="2" type="stmt"/>
      </file>
      <file name="constants.js" path="C:\Users\Pranay\Desktop\Namaste-react\Chapter 13 - Time for Test\Coding\src\utils\constants.js">
        <metrics statements="6" coveredstatements="6" conditionals="0" coveredconditionals="0" methods="0" coveredmethods="0"/>
        <line num="2" count="4" type="stmt"/>
        <line num="5" count="4" type="stmt"/>
        <line num="8" count="4" type="stmt"/>
        <line num="11" count="4" type="stmt"/>
        <line num="13" count="4" type="stmt"/>
        <line num="15" count="4" type="stmt"/>
      </file>
      <file name="useOnlineStatus.js" path="C:\Users\Pranay\Desktop\Namaste-react\Chapter 13 - Time for Test\Coding\src\utils\useOnlineStatus.js">
        <metrics statements="10" coveredstatements="8" conditionals="0" coveredconditionals="0" methods="5" coveredmethods="3"/>
        <line num="3" count="3" type="stmt"/>
        <line num="4" count="16" type="stmt"/>
        <line num="5" count="16" type="stmt"/>
        <line num="6" count="7" type="stmt"/>
        <line num="9" count="16" type="stmt"/>
        <line num="10" count="7" type="stmt"/>
        <line num="11" count="0" type="stmt"/>
        <line num="13" count="7" type="stmt"/>
        <line num="14" count="0" type="stmt"/>
        <line num="17" count="16" type="stmt"/>
      </file>
      <file name="useRestaurantMenu.js" path="C:\Users\Pranay\Desktop\Namaste-react\Chapter 13 - Time for Test\Coding\src\utils\useRestaurantMenu.js">
        <metrics statements="9" coveredstatements="9" conditionals="0" coveredconditionals="0" methods="3" coveredmethods="3"/>
        <line num="4" count="1" type="stmt"/>
        <line num="5" count="3" type="stmt"/>
        <line num="7" count="3" type="stmt"/>
        <line num="8" count="1" type="stmt"/>
        <line num="11" count="3" type="stmt"/>
        <line num="12" count="1" type="stmt"/>
        <line num="13" count="1" type="stmt"/>
        <line num="14" count="1" type="stmt"/>
        <line num="17" count="3" type="stmt"/>
      </file>
    </package>
  </project>
</coverage>
