{"C:\\Users\\Pranay\\Desktop\\Namaste-react\\Chapter 13 - Time for Test\\Coding\\src\\components\\Body.js": {"path":"C:\\Users\\Pranay\\Desktop\\Namaste-react\\Chapter 13 - Time for Test\\Coding\\src\\components\\Body.js","statementMap":{"0":{"start":{"line":9,"column":13},"end":{"line":109,"column":1}},"1":{"start":{"line":10,"column":52},"end":{"line":10,"column":64}},"2":{"start":{"line":11,"column":56},"end":{"line":11,"column":68}},"3":{"start":{"line":12,"column":40},"end":{"line":12,"column":52}},"4":{"start":{"line":13,"column":22},"end":{"line":13,"column":39}},"5":{"start":{"line":15,"column":33},"end":{"line":15,"column":66}},"6":{"start":{"line":17,"column":2},"end":{"line":19,"column":9}},"7":{"start":{"line":18,"column":4},"end":{"line":18,"column":16}},"8":{"start":{"line":21,"column":20},"end":{"line":33,"column":3}},"9":{"start":{"line":22,"column":4},"end":{"line":32,"column":5}},"10":{"start":{"line":23,"column":19},"end":{"line":23,"column":55}},"11":{"start":{"line":24,"column":19},"end":{"line":24,"column":36}},"12":{"start":{"line":26,"column":8},"end":{"line":27,"column":23}},"13":{"start":{"line":28,"column":6},"end":{"line":28,"column":47}},"14":{"start":{"line":29,"column":6},"end":{"line":29,"column":49}},"15":{"start":{"line":31,"column":6},"end":{"line":31,"column":51}},"16":{"start":{"line":37,"column":2},"end":{"line":39,"column":3}},"17":{"start":{"line":38,"column":4},"end":{"line":38,"column":23}},"18":{"start":{"line":41,"column":2},"end":{"line":47,"column":3}},"19":{"start":{"line":42,"column":4},"end":{"line":46,"column":6}},"20":{"start":{"line":49,"column":2},"end":{"line":108,"column":4}},"21":{"start":{"line":59,"column":29},"end":{"line":59,"column":59}},"22":{"start":{"line":64,"column":41},"end":{"line":68,"column":15}},"23":{"start":{"line":65,"column":16},"end":{"line":67,"column":60}},"24":{"start":{"line":69,"column":14},"end":{"line":69,"column":57}},"25":{"start":{"line":78,"column":40},"end":{"line":80,"column":13}},"26":{"start":{"line":79,"column":30},"end":{"line":79,"column":61}},"27":{"start":{"line":81,"column":12},"end":{"line":81,"column":56}},"28":{"start":{"line":98,"column":10},"end":{"line":104,"column":27}}},"fnMap":{"0":{"name":"(anonymous_0)","decl":{"start":{"line":9,"column":13},"end":{"line":9,"column":14}},"loc":{"start":{"line":9,"column":19},"end":{"line":109,"column":1}},"line":9},"1":{"name":"(anonymous_1)","decl":{"start":{"line":17,"column":12},"end":{"line":17,"column":13}},"loc":{"start":{"line":17,"column":18},"end":{"line":19,"column":3}},"line":17},"2":{"name":"(anonymous_2)","decl":{"start":{"line":21,"column":20},"end":{"line":21,"column":21}},"loc":{"start":{"line":21,"column":32},"end":{"line":33,"column":3}},"line":21},"3":{"name":"(anonymous_3)","decl":{"start":{"line":59,"column":22},"end":{"line":59,"column":23}},"loc":{"start":{"line":59,"column":29},"end":{"line":59,"column":59}},"line":59},"4":{"name":"(anonymous_4)","decl":{"start":{"line":63,"column":21},"end":{"line":63,"column":22}},"loc":{"start":{"line":63,"column":27},"end":{"line":70,"column":13}},"line":63},"5":{"name":"(anonymous_5)","decl":{"start":{"line":64,"column":66},"end":{"line":64,"column":67}},"loc":{"start":{"line":65,"column":16},"end":{"line":67,"column":60}},"line":65},"6":{"name":"(anonymous_6)","decl":{"start":{"line":77,"column":19},"end":{"line":77,"column":20}},"loc":{"start":{"line":77,"column":25},"end":{"line":82,"column":11}},"line":77},"7":{"name":"(anonymous_7)","decl":{"start":{"line":79,"column":14},"end":{"line":79,"column":15}},"loc":{"start":{"line":79,"column":30},"end":{"line":79,"column":61}},"line":79},"8":{"name":"(anonymous_8)","decl":{"start":{"line":97,"column":33},"end":{"line":97,"column":34}},"loc":{"start":{"line":98,"column":10},"end":{"line":104,"column":27}},"line":98}},"branchMap":{"0":{"loc":{"start":{"line":37,"column":2},"end":{"line":39,"column":3}},"type":"if","locations":[{"start":{"line":37,"column":2},"end":{"line":39,"column":3}},{"start":{},"end":{}}],"line":37},"1":{"loc":{"start":{"line":41,"column":2},"end":{"line":47,"column":3}},"type":"if","locations":[{"start":{"line":41,"column":2},"end":{"line":47,"column":3}},{"start":{},"end":{}}],"line":41},"2":{"loc":{"start":{"line":99,"column":13},"end":{"line":103,"column":13}},"type":"cond-expr","locations":[{"start":{"line":100,"column":14},"end":{"line":100,"column":68}},{"start":{"line":102,"column":14},"end":{"line":102,"column":60}}],"line":99}},"s":{"0":1,"1":7,"2":7,"3":7,"4":7,"5":7,"6":7,"7":2,"8":7,"9":2,"10":2,"11":2,"12":2,"13":2,"14":2,"15":0,"16":7,"17":0,"18":7,"19":0,"20":7,"21":1,"22":1,"23":9,"24":1,"25":1,"26":9,"27":1,"28":34},"f":{"0":7,"1":2,"2":2,"3":1,"4":1,"5":9,"6":1,"7":9,"8":34},"b":{"0":[0,7],"1":[0,7],"2":[19,15]},"_coverageSchema":"1a1c01bbd47fc00a2c39e90264f33305004495a9","hash":"80c6fcb8cec8342f0d0cdad54024abcbc33611c9"}
,"C:\\Users\\Pranay\\Desktop\\Namaste-react\\Chapter 13 - Time for Test\\Coding\\src\\components\\Cart.js": {"path":"C:\\Users\\Pranay\\Desktop\\Namaste-react\\Chapter 13 - Time for Test\\Coding\\src\\components\\Cart.js","statementMap":{"0":{"start":{"line":6,"column":13},"end":{"line":51,"column":1}},"1":{"start":{"line":7,"column":20},"end":{"line":7,"column":60}},"2":{"start":{"line":7,"column":43},"end":{"line":7,"column":59}},"3":{"start":{"line":9,"column":19},"end":{"line":9,"column":32}},"4":{"start":{"line":11,"column":26},"end":{"line":13,"column":3}},"5":{"start":{"line":12,"column":4},"end":{"line":12,"column":26}},"6":{"start":{"line":15,"column":2},"end":{"line":50,"column":4}}},"fnMap":{"0":{"name":"(anonymous_0)","decl":{"start":{"line":6,"column":13},"end":{"line":6,"column":14}},"loc":{"start":{"line":6,"column":19},"end":{"line":51,"column":1}},"line":6},"1":{"name":"(anonymous_1)","decl":{"start":{"line":7,"column":32},"end":{"line":7,"column":33}},"loc":{"start":{"line":7,"column":43},"end":{"line":7,"column":59}},"line":7},"2":{"name":"(anonymous_2)","decl":{"start":{"line":11,"column":26},"end":{"line":11,"column":27}},"loc":{"start":{"line":11,"column":32},"end":{"line":13,"column":3}},"line":11}},"branchMap":{"0":{"loc":{"start":{"line":22,"column":7},"end":{"line":37,"column":7}},"type":"cond-expr","locations":[{"start":{"line":23,"column":8},"end":{"line":23,"column":36}},{"start":{"line":25,"column":8},"end":{"line":36,"column":17}}],"line":22}},"s":{"0":1,"1":4,"2":8,"3":4,"4":4,"5":1,"6":4},"f":{"0":4,"1":8,"2":1},"b":{"0":[2,2]},"_coverageSchema":"1a1c01bbd47fc00a2c39e90264f33305004495a9","hash":"133bd41e0cebd94ecf54dc81049ed76ea469b19a"}
,"C:\\Users\\Pranay\\Desktop\\Namaste-react\\Chapter 13 - Time for Test\\Coding\\src\\components\\Contact.js": {"path":"C:\\Users\\Pranay\\Desktop\\Namaste-react\\Chapter 13 - Time for Test\\Coding\\src\\components\\Contact.js","statementMap":{"0":{"start":{"line":3,"column":16},"end":{"line":37,"column":1}},"1":{"start":{"line":4,"column":2},"end":{"line":36,"column":4}}},"fnMap":{"0":{"name":"(anonymous_0)","decl":{"start":{"line":3,"column":16},"end":{"line":3,"column":17}},"loc":{"start":{"line":3,"column":22},"end":{"line":37,"column":1}},"line":3}},"branchMap":{},"s":{"0":1,"1":4},"f":{"0":4},"b":{},"_coverageSchema":"1a1c01bbd47fc00a2c39e90264f33305004495a9","hash":"26ecdb0534fc78c313940f89ed66cc6fae2e0cc8"}
,"C:\\Users\\Pranay\\Desktop\\Namaste-react\\Chapter 13 - Time for Test\\Coding\\src\\components\\Header.js": {"path":"C:\\Users\\Pranay\\Desktop\\Namaste-react\\Chapter 13 - Time for Test\\Coding\\src\\components\\Header.js","statementMap":{"0":{"start":{"line":8,"column":15},"end":{"line":50,"column":1}},"1":{"start":{"line":9,"column":28},"end":{"line":9,"column":43}},"2":{"start":{"line":10,"column":22},"end":{"line":10,"column":39}},"3":{"start":{"line":11,"column":27},"end":{"line":11,"column":50}},"4":{"start":{"line":14,"column":20},"end":{"line":14,"column":60}},"5":{"start":{"line":14,"column":43},"end":{"line":14,"column":59}},"6":{"start":{"line":16,"column":2},"end":{"line":49,"column":4}},"7":{"start":{"line":41,"column":58},"end":{"line":41,"column":74}}},"fnMap":{"0":{"name":"(anonymous_0)","decl":{"start":{"line":8,"column":15},"end":{"line":8,"column":16}},"loc":{"start":{"line":8,"column":21},"end":{"line":50,"column":1}},"line":8},"1":{"name":"(anonymous_1)","decl":{"start":{"line":14,"column":32},"end":{"line":14,"column":33}},"loc":{"start":{"line":14,"column":43},"end":{"line":14,"column":59}},"line":14},"2":{"name":"(anonymous_2)","decl":{"start":{"line":41,"column":52},"end":{"line":41,"column":53}},"loc":{"start":{"line":41,"column":58},"end":{"line":41,"column":74}},"line":41}},"branchMap":{"0":{"loc":{"start":{"line":25,"column":32},"end":{"line":25,"column":57}},"type":"cond-expr","locations":[{"start":{"line":25,"column":46},"end":{"line":25,"column":50}},{"start":{"line":25,"column":53},"end":{"line":25,"column":57}}],"line":25},"1":{"loc":{"start":{"line":42,"column":15},"end":{"line":42,"column":41}},"type":"cond-expr","locations":[{"start":{"line":42,"column":23},"end":{"line":42,"column":31}},{"start":{"line":42,"column":34},"end":{"line":42,"column":41}}],"line":42}},"s":{"0":2,"1":9,"2":9,"3":9,"4":9,"5":17,"6":9,"7":1},"f":{"0":9,"1":17,"2":1},"b":{"0":[9,0],"1":[1,8]},"_coverageSchema":"1a1c01bbd47fc00a2c39e90264f33305004495a9","hash":"4b319119760b24cbca353614a68832b02ff54d5f"}
,"C:\\Users\\Pranay\\Desktop\\Namaste-react\\Chapter 13 - Time for Test\\Coding\\src\\components\\ItemList.js": {"path":"C:\\Users\\Pranay\\Desktop\\Namaste-react\\Chapter 13 - Time for Test\\Coding\\src\\components\\ItemList.js","statementMap":{"0":{"start":{"line":5,"column":17},"end":{"line":67,"column":1}},"1":{"start":{"line":6,"column":19},"end":{"line":6,"column":32}},"2":{"start":{"line":8,"column":24},"end":{"line":10,"column":3}},"3":{"start":{"line":9,"column":4},"end":{"line":9,"column":28}},"4":{"start":{"line":12,"column":2},"end":{"line":66,"column":4}},"5":{"start":{"line":15,"column":8},"end":{"line":63,"column":14}},"6":{"start":{"line":58,"column":29},"end":{"line":58,"column":48}}},"fnMap":{"0":{"name":"(anonymous_0)","decl":{"start":{"line":5,"column":17},"end":{"line":5,"column":18}},"loc":{"start":{"line":5,"column":32},"end":{"line":67,"column":1}},"line":5},"1":{"name":"(anonymous_1)","decl":{"start":{"line":8,"column":24},"end":{"line":8,"column":25}},"loc":{"start":{"line":8,"column":34},"end":{"line":10,"column":3}},"line":8},"2":{"name":"(anonymous_2)","decl":{"start":{"line":14,"column":17},"end":{"line":14,"column":18}},"loc":{"start":{"line":15,"column":8},"end":{"line":63,"column":14}},"line":15},"3":{"name":"(anonymous_3)","decl":{"start":{"line":58,"column":23},"end":{"line":58,"column":24}},"loc":{"start":{"line":58,"column":29},"end":{"line":58,"column":48}},"line":58}},"branchMap":{"0":{"loc":{"start":{"line":37,"column":17},"end":{"line":38,"column":51}},"type":"binary-expr","locations":[{"start":{"line":37,"column":17},"end":{"line":37,"column":43}},{"start":{"line":38,"column":18},"end":{"line":38,"column":51}}],"line":37}},"s":{"0":1,"1":5,"2":5,"3":2,"4":5,"5":23,"6":2},"f":{"0":5,"1":2,"2":23,"3":2},"b":{"0":[23,20]},"_coverageSchema":"1a1c01bbd47fc00a2c39e90264f33305004495a9","hash":"5e19bcaa5e45e5bb5f1be745c54919273ff6c6f8"}
,"C:\\Users\\Pranay\\Desktop\\Namaste-react\\Chapter 13 - Time for Test\\Coding\\src\\components\\RestaurantCard.js": {"path":"C:\\Users\\Pranay\\Desktop\\Namaste-react\\Chapter 13 - Time for Test\\Coding\\src\\components\\RestaurantCard.js","statementMap":{"0":{"start":{"line":4,"column":23},"end":{"line":27,"column":1}},"1":{"start":{"line":8,"column":2},"end":{"line":26,"column":4}},"2":{"start":{"line":29,"column":33},"end":{"line":38,"column":1}},"3":{"start":{"line":30,"column":2},"end":{"line":37,"column":4}},"4":{"start":{"line":31,"column":4},"end":{"line":36,"column":6}}},"fnMap":{"0":{"name":"(anonymous_0)","decl":{"start":{"line":4,"column":23},"end":{"line":4,"column":24}},"loc":{"start":{"line":4,"column":47},"end":{"line":27,"column":1}},"line":4},"1":{"name":"(anonymous_1)","decl":{"start":{"line":29,"column":33},"end":{"line":29,"column":34}},"loc":{"start":{"line":29,"column":53},"end":{"line":38,"column":1}},"line":29},"2":{"name":"(anonymous_2)","decl":{"start":{"line":30,"column":9},"end":{"line":30,"column":10}},"loc":{"start":{"line":30,"column":20},"end":{"line":37,"column":3}},"line":30}},"branchMap":{},"s":{"0":2,"1":36,"2":2,"3":8,"4":20},"f":{"0":36,"1":8,"2":20},"b":{},"_coverageSchema":"1a1c01bbd47fc00a2c39e90264f33305004495a9","hash":"259ef66efb667d4fc8a9bc97afad219edcf8015a"}
,"C:\\Users\\Pranay\\Desktop\\Namaste-react\\Chapter 13 - Time for Test\\Coding\\src\\components\\RestaurantCategories.js": {"path":"C:\\Users\\Pranay\\Desktop\\Namaste-react\\Chapter 13 - Time for Test\\Coding\\src\\components\\RestaurantCategories.js","statementMap":{"0":{"start":{"line":3,"column":29},"end":{"line":38,"column":1}},"1":{"start":{"line":4,"column":22},"end":{"line":6,"column":3}},"2":{"start":{"line":5,"column":4},"end":{"line":5,"column":19}},"3":{"start":{"line":8,"column":2},"end":{"line":37,"column":4}}},"fnMap":{"0":{"name":"(anonymous_0)","decl":{"start":{"line":3,"column":29},"end":{"line":3,"column":30}},"loc":{"start":{"line":3,"column":68},"end":{"line":38,"column":1}},"line":3},"1":{"name":"(anonymous_1)","decl":{"start":{"line":4,"column":22},"end":{"line":4,"column":23}},"loc":{"start":{"line":4,"column":28},"end":{"line":6,"column":3}},"line":4}},"branchMap":{"0":{"loc":{"start":{"line":34,"column":9},"end":{"line":34,"column":57}},"type":"binary-expr","locations":[{"start":{"line":34,"column":9},"end":{"line":34,"column":18}},{"start":{"line":34,"column":22},"end":{"line":34,"column":57}}],"line":34}},"s":{"0":1,"1":16,"2":1,"3":16},"f":{"0":16,"1":1},"b":{"0":[16,1]},"_coverageSchema":"1a1c01bbd47fc00a2c39e90264f33305004495a9","hash":"e9dc8278d8d1fd3becb0b658d83d1a9932e830b1"}
,"C:\\Users\\Pranay\\Desktop\\Namaste-react\\Chapter 13 - Time for Test\\Coding\\src\\components\\RestaurantMenu.js": {"path":"C:\\Users\\Pranay\\Desktop\\Namaste-react\\Chapter 13 - Time for Test\\Coding\\src\\components\\RestaurantMenu.js","statementMap":{"0":{"start":{"line":6,"column":23},"end":{"line":38,"column":1}},"1":{"start":{"line":7,"column":20},"end":{"line":7,"column":31}},"2":{"start":{"line":9,"column":18},"end":{"line":9,"column":42}},"3":{"start":{"line":11,"column":36},"end":{"line":11,"column":50}},"4":{"start":{"line":13,"column":2},"end":{"line":37,"column":4}},"5":{"start":{"line":25,"column":12},"end":{"line":26,"column":74}},"6":{"start":{"line":29,"column":10},"end":{"line":34,"column":12}},"7":{"start":{"line":33,"column":32},"end":{"line":33,"column":51}}},"fnMap":{"0":{"name":"(anonymous_0)","decl":{"start":{"line":6,"column":23},"end":{"line":6,"column":24}},"loc":{"start":{"line":6,"column":29},"end":{"line":38,"column":1}},"line":6},"1":{"name":"(anonymous_1)","decl":{"start":{"line":24,"column":10},"end":{"line":24,"column":11}},"loc":{"start":{"line":25,"column":12},"end":{"line":26,"column":74}},"line":25},"2":{"name":"(anonymous_2)","decl":{"start":{"line":28,"column":13},"end":{"line":28,"column":14}},"loc":{"start":{"line":29,"column":10},"end":{"line":34,"column":12}},"line":29},"3":{"name":"(anonymous_3)","decl":{"start":{"line":33,"column":26},"end":{"line":33,"column":27}},"loc":{"start":{"line":33,"column":32},"end":{"line":33,"column":51}},"line":33}},"branchMap":{"0":{"loc":{"start":{"line":32,"column":23},"end":{"line":32,"column":57}},"type":"cond-expr","locations":[{"start":{"line":32,"column":45},"end":{"line":32,"column":49}},{"start":{"line":32,"column":52},"end":{"line":32,"column":57}}],"line":32}},"s":{"0":1,"1":3,"2":3,"3":3,"4":3,"5":32,"6":16,"7":1},"f":{"0":3,"1":32,"2":16,"3":1},"b":{"0":[1,15]},"_coverageSchema":"1a1c01bbd47fc00a2c39e90264f33305004495a9","hash":"04242695fdf099a74ac02bf52e216b7ad865355f"}
,"C:\\Users\\Pranay\\Desktop\\Namaste-react\\Chapter 13 - Time for Test\\Coding\\src\\components\\Shimmer.js": {"path":"C:\\Users\\Pranay\\Desktop\\Namaste-react\\Chapter 13 - Time for Test\\Coding\\src\\components\\Shimmer.js","statementMap":{"0":{"start":{"line":3,"column":16},"end":{"line":42,"column":1}},"1":{"start":{"line":4,"column":2},"end":{"line":41,"column":4}}},"fnMap":{"0":{"name":"(anonymous_0)","decl":{"start":{"line":3,"column":16},"end":{"line":3,"column":17}},"loc":{"start":{"line":3,"column":22},"end":{"line":42,"column":1}},"line":3}},"branchMap":{},"s":{"0":1,"1":0},"f":{"0":0},"b":{},"_coverageSchema":"1a1c01bbd47fc00a2c39e90264f33305004495a9","hash":"1a708e2a5dbf140d0e925d6d51e432360daf400d"}
,"C:\\Users\\Pranay\\Desktop\\Namaste-react\\Chapter 13 - Time for Test\\Coding\\src\\components\\sum.js": {"path":"C:\\Users\\Pranay\\Desktop\\Namaste-react\\Chapter 13 - Time for Test\\Coding\\src\\components\\sum.js","statementMap":{"0":{"start":{"line":1,"column":19},"end":{"line":3,"column":1}},"1":{"start":{"line":2,"column":2},"end":{"line":2,"column":15}}},"fnMap":{"0":{"name":"(anonymous_0)","decl":{"start":{"line":1,"column":19},"end":{"line":1,"column":20}},"loc":{"start":{"line":1,"column":29},"end":{"line":3,"column":1}},"line":1}},"branchMap":{},"s":{"0":1,"1":1},"f":{"0":1},"b":{},"_coverageSchema":"1a1c01bbd47fc00a2c39e90264f33305004495a9","hash":"4cc3973ae3fc6f047ba3f606df83f0b3b898ea71"}
,"C:\\Users\\Pranay\\Desktop\\Namaste-react\\Chapter 13 - Time for Test\\Coding\\src\\utils\\UserContext.js": {"path":"C:\\Users\\Pranay\\Desktop\\Namaste-react\\Chapter 13 - Time for Test\\Coding\\src\\utils\\UserContext.js","statementMap":{"0":{"start":{"line":3,"column":20},"end":{"line":5,"column":2}}},"fnMap":{},"branchMap":{},"s":{"0":3},"f":{},"b":{},"_coverageSchema":"1a1c01bbd47fc00a2c39e90264f33305004495a9","hash":"5b65507f1ea78fe2fbbf8a6aa945076e4bf52b6e"}
,"C:\\Users\\Pranay\\Desktop\\Namaste-react\\Chapter 13 - Time for Test\\Coding\\src\\utils\\appStore.js": {"path":"C:\\Users\\Pranay\\Desktop\\Namaste-react\\Chapter 13 - Time for Test\\Coding\\src\\utils\\appStore.js","statementMap":{"0":{"start":{"line":4,"column":17},"end":{"line":9,"column":2}}},"fnMap":{},"branchMap":{},"s":{"0":2},"f":{},"b":{},"_coverageSchema":"1a1c01bbd47fc00a2c39e90264f33305004495a9","hash":"b4fc41d020f78bb7d40c1e21d9e1403433a50d49"}
,"C:\\Users\\Pranay\\Desktop\\Namaste-react\\Chapter 13 - Time for Test\\Coding\\src\\utils\\cartSlice.js": {"path":"C:\\Users\\Pranay\\Desktop\\Namaste-react\\Chapter 13 - Time for Test\\Coding\\src\\utils\\cartSlice.js","statementMap":{"0":{"start":{"line":3,"column":18},"end":{"line":20,"column":2}},"1":{"start":{"line":11,"column":6},"end":{"line":11,"column":39}},"2":{"start":{"line":14,"column":6},"end":{"line":14,"column":24}},"3":{"start":{"line":17,"column":6},"end":{"line":17,"column":29}},"4":{"start":{"line":22,"column":50},"end":{"line":22,"column":67}}},"fnMap":{"0":{"name":"(anonymous_0)","decl":{"start":{"line":10,"column":13},"end":{"line":10,"column":14}},"loc":{"start":{"line":10,"column":32},"end":{"line":12,"column":5}},"line":10},"1":{"name":"(anonymous_1)","decl":{"start":{"line":13,"column":16},"end":{"line":13,"column":17}},"loc":{"start":{"line":13,"column":27},"end":{"line":15,"column":5}},"line":13},"2":{"name":"(anonymous_2)","decl":{"start":{"line":16,"column":15},"end":{"line":16,"column":16}},"loc":{"start":{"line":16,"column":26},"end":{"line":18,"column":5}},"line":16}},"branchMap":{},"s":{"0":2,"1":2,"2":0,"3":1,"4":2},"f":{"0":2,"1":0,"2":1},"b":{},"_coverageSchema":"1a1c01bbd47fc00a2c39e90264f33305004495a9","hash":"6767cc7ba149a5a9b6fa1f07b0a1b212e2090114"}
,"C:\\Users\\Pranay\\Desktop\\Namaste-react\\Chapter 13 - Time for Test\\Coding\\src\\utils\\constants.js": {"path":"C:\\Users\\Pranay\\Desktop\\Namaste-react\\Chapter 13 - Time for Test\\Coding\\src\\utils\\constants.js","statementMap":{"0":{"start":{"line":2,"column":2},"end":{"line":2,"column":184}},"1":{"start":{"line":5,"column":2},"end":{"line":5,"column":85}},"2":{"start":{"line":8,"column":2},"end":{"line":8,"column":93}},"3":{"start":{"line":11,"column":2},"end":{"line":11,"column":139}},"4":{"start":{"line":13,"column":25},"end":{"line":13,"column":50}},"5":{"start":{"line":15,"column":24},"end":{"line":15,"column":146}}},"fnMap":{},"branchMap":{},"s":{"0":4,"1":4,"2":4,"3":4,"4":4,"5":4},"f":{},"b":{},"_coverageSchema":"1a1c01bbd47fc00a2c39e90264f33305004495a9","hash":"6729b0c2ed893c3305e1f40045ebb296a13287cf"}
,"C:\\Users\\Pranay\\Desktop\\Namaste-react\\Chapter 13 - Time for Test\\Coding\\src\\utils\\useOnlineStatus.js": {"path":"C:\\Users\\Pranay\\Desktop\\Namaste-react\\Chapter 13 - Time for Test\\Coding\\src\\utils\\useOnlineStatus.js","statementMap":{"0":{"start":{"line":3,"column":24},"end":{"line":18,"column":1}},"1":{"start":{"line":4,"column":40},"end":{"line":4,"column":54}},"2":{"start":{"line":5,"column":2},"end":{"line":7,"column":9}},"3":{"start":{"line":6,"column":4},"end":{"line":6,"column":24}},"4":{"start":{"line":9,"column":28},"end":{"line":16,"column":3}},"5":{"start":{"line":10,"column":4},"end":{"line":12,"column":7}},"6":{"start":{"line":11,"column":6},"end":{"line":11,"column":28}},"7":{"start":{"line":13,"column":4},"end":{"line":15,"column":7}},"8":{"start":{"line":14,"column":6},"end":{"line":14,"column":27}},"9":{"start":{"line":17,"column":2},"end":{"line":17,"column":21}}},"fnMap":{"0":{"name":"(anonymous_0)","decl":{"start":{"line":3,"column":24},"end":{"line":3,"column":25}},"loc":{"start":{"line":3,"column":30},"end":{"line":18,"column":1}},"line":3},"1":{"name":"(anonymous_1)","decl":{"start":{"line":5,"column":12},"end":{"line":5,"column":13}},"loc":{"start":{"line":5,"column":18},"end":{"line":7,"column":3}},"line":5},"2":{"name":"(anonymous_2)","decl":{"start":{"line":9,"column":28},"end":{"line":9,"column":29}},"loc":{"start":{"line":9,"column":34},"end":{"line":16,"column":3}},"line":9},"3":{"name":"(anonymous_3)","decl":{"start":{"line":10,"column":39},"end":{"line":10,"column":40}},"loc":{"start":{"line":10,"column":45},"end":{"line":12,"column":5}},"line":10},"4":{"name":"(anonymous_4)","decl":{"start":{"line":13,"column":38},"end":{"line":13,"column":39}},"loc":{"start":{"line":13,"column":44},"end":{"line":15,"column":5}},"line":13}},"branchMap":{},"s":{"0":3,"1":16,"2":16,"3":7,"4":16,"5":7,"6":0,"7":7,"8":0,"9":16},"f":{"0":16,"1":7,"2":7,"3":0,"4":0},"b":{},"_coverageSchema":"1a1c01bbd47fc00a2c39e90264f33305004495a9","hash":"6469e2f951ffdddba21f0fd4e6c79ad792d954a8"}
,"C:\\Users\\Pranay\\Desktop\\Namaste-react\\Chapter 13 - Time for Test\\Coding\\src\\utils\\useRestaurantMenu.js": {"path":"C:\\Users\\Pranay\\Desktop\\Namaste-react\\Chapter 13 - Time for Test\\Coding\\src\\utils\\useRestaurantMenu.js","statementMap":{"0":{"start":{"line":4,"column":26},"end":{"line":18,"column":1}},"1":{"start":{"line":5,"column":32},"end":{"line":5,"column":46}},"2":{"start":{"line":7,"column":2},"end":{"line":9,"column":9}},"3":{"start":{"line":8,"column":4},"end":{"line":8,"column":16}},"4":{"start":{"line":11,"column":20},"end":{"line":15,"column":3}},"5":{"start":{"line":12,"column":21},"end":{"line":12,"column":50}},"6":{"start":{"line":13,"column":17},"end":{"line":13,"column":38}},"7":{"start":{"line":14,"column":4},"end":{"line":14,"column":26}},"8":{"start":{"line":17,"column":2},"end":{"line":17,"column":17}}},"fnMap":{"0":{"name":"(anonymous_0)","decl":{"start":{"line":4,"column":26},"end":{"line":4,"column":27}},"loc":{"start":{"line":4,"column":37},"end":{"line":18,"column":1}},"line":4},"1":{"name":"(anonymous_1)","decl":{"start":{"line":7,"column":12},"end":{"line":7,"column":13}},"loc":{"start":{"line":7,"column":18},"end":{"line":9,"column":3}},"line":7},"2":{"name":"(anonymous_2)","decl":{"start":{"line":11,"column":20},"end":{"line":11,"column":21}},"loc":{"start":{"line":11,"column":32},"end":{"line":15,"column":3}},"line":11}},"branchMap":{},"s":{"0":1,"1":3,"2":3,"3":1,"4":3,"5":1,"6":1,"7":1,"8":3},"f":{"0":3,"1":1,"2":1},"b":{},"_coverageSchema":"1a1c01bbd47fc00a2c39e90264f33305004495a9","hash":"ea28cc35d1a76b5cfaeb61168eb7430785a0c26d"}
}
