TN:
SF:src\components\Body.js
FN:9,(anonymous_0)
FN:17,(anonymous_1)
FN:21,(anonymous_2)
FN:59,(anonymous_3)
FN:63,(anonymous_4)
FN:64,(anonymous_5)
FN:77,(anonymous_6)
FN:79,(anonymous_7)
FN:97,(anonymous_8)
FNF:9
FNH:9
FNDA:7,(anonymous_0)
FNDA:2,(anonymous_1)
FNDA:2,(anonymous_2)
FNDA:1,(anonymous_3)
FNDA:1,(anonymous_4)
FNDA:9,(anonymous_5)
FNDA:1,(anonymous_6)
FNDA:9,(anonymous_7)
FNDA:34,(anonymous_8)
DA:9,1
DA:10,7
DA:11,7
DA:12,7
DA:13,7
DA:15,7
DA:17,7
DA:18,2
DA:21,7
DA:22,2
DA:23,2
DA:24,2
DA:26,2
DA:28,2
DA:29,2
DA:31,0
DA:37,7
DA:38,0
DA:41,7
DA:42,0
DA:49,7
DA:59,1
DA:64,1
DA:65,9
DA:69,1
DA:78,1
DA:79,9
DA:81,1
DA:98,34
LF:29
LH:26
BRDA:37,0,0,0
BRDA:37,0,1,7
BRDA:41,1,0,0
BRDA:41,1,1,7
BRDA:99,2,0,19
BRDA:99,2,1,15
BRF:6
BRH:4
end_of_record
TN:
SF:src\components\Cart.js
FN:6,(anonymous_0)
FN:7,(anonymous_1)
FN:11,(anonymous_2)
FNF:3
FNH:3
FNDA:4,(anonymous_0)
FNDA:8,(anonymous_1)
FNDA:1,(anonymous_2)
DA:6,1
DA:7,8
DA:9,4
DA:11,4
DA:12,1
DA:15,4
LF:6
LH:6
BRDA:22,0,0,2
BRDA:22,0,1,2
BRF:2
BRH:2
end_of_record
TN:
SF:src\components\Contact.js
FN:3,(anonymous_0)
FNF:1
FNH:1
FNDA:4,(anonymous_0)
DA:3,1
DA:4,4
LF:2
LH:2
BRF:0
BRH:0
end_of_record
TN:
SF:src\components\Header.js
FN:8,(anonymous_0)
FN:14,(anonymous_1)
FN:41,(anonymous_2)
FNF:3
FNH:3
FNDA:9,(anonymous_0)
FNDA:17,(anonymous_1)
FNDA:1,(anonymous_2)
DA:8,2
DA:9,9
DA:10,9
DA:11,9
DA:14,17
DA:16,9
DA:41,1
LF:7
LH:7
BRDA:25,0,0,9
BRDA:25,0,1,0
BRDA:42,1,0,1
BRDA:42,1,1,8
BRF:4
BRH:3
end_of_record
TN:
SF:src\components\ItemList.js
FN:5,(anonymous_0)
FN:8,(anonymous_1)
FN:14,(anonymous_2)
FN:58,(anonymous_3)
FNF:4
FNH:4
FNDA:5,(anonymous_0)
FNDA:2,(anonymous_1)
FNDA:23,(anonymous_2)
FNDA:2,(anonymous_3)
DA:5,1
DA:6,5
DA:8,5
DA:9,2
DA:12,5
DA:15,23
DA:58,2
LF:7
LH:7
BRDA:37,0,0,23
BRDA:37,0,1,20
BRF:2
BRH:2
end_of_record
TN:
SF:src\components\RestaurantCard.js
FN:4,(anonymous_0)
FN:29,(anonymous_1)
FN:30,(anonymous_2)
FNF:3
FNH:3
FNDA:36,(anonymous_0)
FNDA:8,(anonymous_1)
FNDA:20,(anonymous_2)
DA:4,2
DA:8,36
DA:29,2
DA:30,8
DA:31,20
LF:5
LH:5
BRF:0
BRH:0
end_of_record
TN:
SF:src\components\RestaurantCategories.js
FN:3,(anonymous_0)
FN:4,(anonymous_1)
FNF:2
FNH:2
FNDA:16,(anonymous_0)
FNDA:1,(anonymous_1)
DA:3,1
DA:4,16
DA:5,1
DA:8,16
LF:4
LH:4
BRDA:34,0,0,16
BRDA:34,0,1,1
BRF:2
BRH:2
end_of_record
TN:
SF:src\components\RestaurantMenu.js
FN:6,(anonymous_0)
FN:24,(anonymous_1)
FN:28,(anonymous_2)
FN:33,(anonymous_3)
FNF:4
FNH:4
FNDA:3,(anonymous_0)
FNDA:32,(anonymous_1)
FNDA:16,(anonymous_2)
FNDA:1,(anonymous_3)
DA:6,1
DA:7,3
DA:9,3
DA:11,3
DA:13,3
DA:25,32
DA:29,16
DA:33,1
LF:8
LH:8
BRDA:32,0,0,1
BRDA:32,0,1,15
BRF:2
BRH:2
end_of_record
TN:
SF:src\components\Shimmer.js
FN:3,(anonymous_0)
FNF:1
FNH:0
FNDA:0,(anonymous_0)
DA:3,1
DA:4,0
LF:2
LH:1
BRF:0
BRH:0
end_of_record
TN:
SF:src\components\sum.js
FN:1,(anonymous_0)
FNF:1
FNH:1
FNDA:1,(anonymous_0)
DA:1,1
DA:2,1
LF:2
LH:2
BRF:0
BRH:0
end_of_record
TN:
SF:src\utils\UserContext.js
FNF:0
FNH:0
DA:3,3
LF:1
LH:1
BRF:0
BRH:0
end_of_record
TN:
SF:src\utils\appStore.js
FNF:0
FNH:0
DA:4,2
LF:1
LH:1
BRF:0
BRH:0
end_of_record
TN:
SF:src\utils\cartSlice.js
FN:10,(anonymous_0)
FN:13,(anonymous_1)
FN:16,(anonymous_2)
FNF:3
FNH:2
FNDA:2,(anonymous_0)
FNDA:0,(anonymous_1)
FNDA:1,(anonymous_2)
DA:3,2
DA:11,2
DA:14,0
DA:17,1
DA:22,2
LF:5
LH:4
BRF:0
BRH:0
end_of_record
TN:
SF:src\utils\constants.js
FNF:0
FNH:0
DA:2,4
DA:5,4
DA:8,4
DA:11,4
DA:13,4
DA:15,4
LF:6
LH:6
BRF:0
BRH:0
end_of_record
TN:
SF:src\utils\useOnlineStatus.js
FN:3,(anonymous_0)
FN:5,(anonymous_1)
FN:9,(anonymous_2)
FN:10,(anonymous_3)
FN:13,(anonymous_4)
FNF:5
FNH:3
FNDA:16,(anonymous_0)
FNDA:7,(anonymous_1)
FNDA:7,(anonymous_2)
FNDA:0,(anonymous_3)
FNDA:0,(anonymous_4)
DA:3,3
DA:4,16
DA:5,16
DA:6,7
DA:9,16
DA:10,7
DA:11,0
DA:13,7
DA:14,0
DA:17,16
LF:10
LH:8
BRF:0
BRH:0
end_of_record
TN:
SF:src\utils\useRestaurantMenu.js
FN:4,(anonymous_0)
FN:7,(anonymous_1)
FN:11,(anonymous_2)
FNF:3
FNH:3
FNDA:3,(anonymous_0)
FNDA:1,(anonymous_1)
FNDA:1,(anonymous_2)
DA:4,1
DA:5,3
DA:7,3
DA:8,1
DA:11,3
DA:12,1
DA:13,1
DA:14,1
DA:17,3
LF:9
LH:9
BRF:0
BRH:0
end_of_record
